{"/Users/mavericus/Desktop/projects/planner/apps/web/src/components/ui/Button/Button.tsx": {"path":"/Users/mavericus/Desktop/projects/planner/apps/web/src/components/ui/Button/Button.tsx","statementMap":{"0":{"start":{"line":1,"column":0},"end":{"line":1,"column":79}},"1":{"start":{"line":2,"column":0},"end":{"line":2,"column":24}},"2":{"start":{"line":4,"column":0},"end":{"line":4,"column":39}},"3":{"start":{"line":6,"column":0},"end":{"line":6,"column":null}},"4":{"start":{"line":7,"column":2},"end":{"line":7,"column":null}},"5":{"start":{"line":8,"column":2},"end":{"line":8,"column":null}},"6":{"start":{"line":9,"column":2},"end":{"line":9,"column":null}},"7":{"start":{"line":12,"column":0},"end":{"line":12,"column":null}},"8":{"start":{"line":13,"column":2},"end":{"line":13,"column":null}},"9":{"start":{"line":14,"column":2},"end":{"line":14,"column":null}},"10":{"start":{"line":15,"column":2},"end":{"line":15,"column":null}},"11":{"start":{"line":27,"column":13},"end":{"line":54,"column":3}},"12":{"start":{"line":36,"column":6},"end":{"line":36,"column":12}},"13":{"start":{"line":31,"column":9},"end":{"line":31,"column":null}},"14":{"start":{"line":34,"column":8},"end":{"line":34,"column":null}},"15":{"start":{"line":35,"column":17},"end":{"line":36,"column":6}},"16":{"start":{"line":38,"column":18},"end":{"line":42,"column":5}},"17":{"start":{"line":44,"column":2},"end":{"line":53,"column":4}}},"fnMap":{"0":{"name":"(anonymous_10)","decl":{"start":{"line":6,"column":0},"end":{"line":6,"column":12}},"loc":{"start":{"line":6,"column":22},"end":{"line":10,"column":1}}},"1":{"name":"(anonymous_11)","decl":{"start":{"line":12,"column":0},"end":{"line":12,"column":12}},"loc":{"start":{"line":12,"column":23},"end":{"line":16,"column":1}}},"2":{"name":"(anonymous_12)","decl":{"start":{"line":27,"column":27},"end":{"line":27,"column":28}},"loc":{"start":{"line":27,"column":46},"end":{"line":54,"column":1}}}},"branchMap":{"0":{"loc":{"start":{"line":6,"column":12},"end":{"line":6,"column":null}},"type":"binary-expr","locations":[{"start":{"line":6,"column":12},"end":{"line":6,"column":22}},{"start":{"line":6,"column":22},"end":{"line":6,"column":null}}]},"1":{"loc":{"start":{"line":12,"column":12},"end":{"line":12,"column":null}},"type":"binary-expr","locations":[{"start":{"line":12,"column":12},"end":{"line":12,"column":23}},{"start":{"line":12,"column":23},"end":{"line":12,"column":null}}]},"2":{"loc":{"start":{"line":31,"column":9},"end":{"line":31,"column":null}},"type":"cond-expr","locations":[{"start":{"line":31,"column":12},"end":{"line":31,"column":31}},{"start":{"line":31,"column":31},"end":{"line":31,"column":null}}]},"3":{"loc":{"start":{"line":34,"column":8},"end":{"line":34,"column":null}},"type":"cond-expr","locations":[{"start":{"line":34,"column":11},"end":{"line":34,"column":23}},{"start":{"line":34,"column":23},"end":{"line":34,"column":null}}]}},"s":{"0":1,"1":1,"2":1,"3":1,"4":1,"5":1,"6":1,"7":1,"8":1,"9":1,"10":1,"11":1,"12":12,"13":2,"14":2,"15":2,"16":2,"17":2},"f":{"0":1,"1":1,"2":2},"b":{"0":[1,1],"1":[1,1],"2":[1,1],"3":[2,0]}}
}
